<?xml version="1.0" encoding="UTF-8"?>
<!-- Generated by org.testng.reporters.JUnitReportReporter -->
<testsuite hostname="30567ab7bc01" failures="0" tests="20" name="org.example.tests.flightreservation.FlightReservationTest" time="29.389" errors="0" timestamp="2024-11-05T01:00:08 GMT" skipped="0">
  <testcase classname="org.example.tests.flightreservation.FlightReservationTest" name="userRegistrationTest" time="2.100"/>
  <testcase classname="org.example.tests.flightreservation.FlightReservationTest" name="registrationConfirmationTest" time="0.788"/>
  <testcase classname="org.example.tests.flightreservation.FlightReservationTest" name="flightsSearchTest" time="2.482"/>
  <testcase classname="org.example.tests.flightreservation.FlightReservationTest" name="flightReservationConfirmationTest" time="1.737"/>
  <testcase classname="org.example.tests.flightreservation.FlightReservationTest" name="flightReservationConfirmationTest" time="1.203"/>
  <testcase classname="org.example.tests.flightreservation.FlightReservationTest" name="flightReservationConfirmationTest" time="0.658"/>
  <testcase classname="org.example.tests.flightreservation.FlightReservationTest" name="flightsSelectionTest" time="1.345"/>
  <testcase classname="org.example.tests.flightreservation.FlightReservationTest" name="flightsSearchTest" time="1.001"/>
  <testcase classname="org.example.tests.flightreservation.FlightReservationTest" name="flightsSelectionTest" time="1.400"/>
  <testcase classname="org.example.tests.flightreservation.FlightReservationTest" name="userRegistrationTest" time="2.100"/>
  <testcase classname="org.example.tests.flightreservation.FlightReservationTest" name="userRegistrationTest" time="2.153"/>
  <testcase classname="org.example.tests.flightreservation.FlightReservationTest" name="flightsSelectionTest" time="1.370"/>
  <testcase classname="org.example.tests.flightreservation.FlightReservationTest" name="registrationConfirmationTest" time="0.792"/>
  <testcase classname="org.example.tests.flightreservation.FlightReservationTest" name="flightsSearchTest" time="1.907"/>
  <testcase classname="org.example.tests.flightreservation.FlightReservationTest" name="registrationConfirmationTest" time="1.295"/>
  <testcase classname="org.example.tests.flightreservation.FlightReservationTest" name="flightsSearchTest" time="1.561"/>
  <testcase classname="org.example.tests.flightreservation.FlightReservationTest" name="flightsSelectionTest" time="2.473"/>
  <testcase classname="org.example.tests.flightreservation.FlightReservationTest" name="flightReservationConfirmationTest" time="0.668"/>
  <testcase classname="org.example.tests.flightreservation.FlightReservationTest" name="userRegistrationTest" time="2.130"/>
  <testcase classname="org.example.tests.flightreservation.FlightReservationTest" name="registrationConfirmationTest" time="0.226"/>
</testsuite> <!-- org.example.tests.flightreservation.FlightReservationTest -->
